#
# A fatal error has been detected by the Java Runtime Environment:
#
#  SIGSEGV (0xb) at pc=0x00007fffacec4ec9, pid=55994, tid=23811
#
# JRE version: Java(TM) SE Runtime Environment (8.0_51-b16) (build 1.8.0_51-b16)
# Java VM: Java HotSpot(TM) 64-Bit Server VM (25.51-b03 mixed mode bsd-amd64 compressed oops)
# Problematic frame:
# C  [libsystem_platform.dylib+0x5ec9]  _platform_memmove$VARIANT$Haswell+0x29
#
# Failed to write core dump. Core dumps have been disabled. To enable core dumping, try "ulimit -c unlimited" before starting Java again
#
# If you would like to submit a bug report, please visit:
#   http://bugreport.java.com/bugreport/crash.jsp
# The crash happened outside the Java Virtual Machine in native code.
# See problematic frame for where to report the bug.
#

---------------  T H R E A D  ---------------

Current thread (0x00007f92445b4800):  JavaThread "Test worker" [_thread_in_native, id=23811, stack(0x00007000059d0000,0x0000700005ad0000)]

siginfo: si_signo: 11 (SIGSEGV), si_code: 1 (SEGV_MAPERR), si_addr: 0x000000012e146000

Registers:
RAX=0x00007f9241369800, RBX=0x000000012e142a05, RCX=0x0000000000002da5, RDX=0x0000000000006372
RSP=0x0000700005ac9b70, RBP=0x0000700005ac9b70, RSI=0x000000012e146000, RDI=0x00007f924136cdcd
R8 =0x0000000000006373, R9 =0x00007f9241369800, R10=0x0000000000000000, R11=0x00007f9113226dcd
R12=0x0000000064656e2f, R13=0x000000007274736e, R14=0x00000000612f7061, R15=0x0000000000006968
RIP=0x00007fffacec4ec9, EFLAGS=0x0000000000010206, ERR=0x0000000000000004
  TRAPNO=0x000000000000000e

Top of Stack: (sp=0x0000700005ac9b70)
0x0000700005ac9b70:   0000700005ac9be0 000000010f57f02d
0x0000700005ac9b80:   0000006800000001 0000000000000069
0x0000700005ac9b90:   0000000000002f65 00007f9241369800
0x0000700005ac9ba0:   0000000000006372 00007f92421b5310
0x0000700005ac9bb0:   00007f924053d190 00007f92421b5310
0x0000700005ac9bc0:   00007f92433ede00 0000000000000590
0x0000700005ac9bd0:   00000000355a69b6 00007f9240449280
0x0000700005ac9be0:   0000700005ac9c40 000000010f57f554
0x0000700005ac9bf0:   0000700005ac9c86 0000700005ac9c85
0x0000700005ac9c00:   0000002600000000 00000027015b4800
0x0000700005ac9c10:   0000700005ac9c5e 0000700005aca0a8
0x0000700005ac9c20:   0000000000000027 0000700005ac9c5e
0x0000700005ac9c30:   00007f92421b5310 00007f92445b49f8
0x0000700005ac9c40:   0000700005aca090 000000010f57e34f
0x0000700005ac9c50:   0000000110e07100 6f63000700000001
0x0000700005ac9c60:   2f706164656e2f6d 722f656968637261
0x0000700005ac9c70:   7078452f73656c75 2e6e6f6973736572
0x0000700005ac9c80:   0000007373616c63 00000001106d3098
0x0000700005ac9c90:   0000700005ac9ce0 000000076d24d7f0
0x0000700005ac9ca0:   0000000100000000 0000000000000000
0x0000700005ac9cb0:   0000002700000000 0000000000000000
0x0000700005ac9cc0:   0000000000000a00 000000000000000c
0x0000700005ac9cd0:   000000076d24d7f0 0000000000000001
0x0000700005ac9ce0:   000000010f42e400 0000000000000070
0x0000700005ac9cf0:   0000000005acad80 0000000000000007
0x0000700005ac9d00:   0000000005ac9ad0 0000003000000020
0x0000700005ac9d10:   0000700005ac9db0 ff80000000001001
0x0000700005ac9d20:   000000000000006f 000000000000006f
0x0000700005ac9d30:   0000700005ac9da0 0000000110913022
0x0000700005ac9d40:   00007f924053d2a0 00007f92445b4800
0x0000700005ac9d50:   0000000000000000 00007ffface34282
0x0000700005ac9d60:   00007f9242224be8 00007f92445b49f8 

Instructions: (pc=0x00007fffacec4ec9)
0x00007fffacec4ea9:   f3 48 89 f8 49 39 d3 72 1b 48 83 fa 60 76 2f 48
0x00007fffacec4eb9:   81 fa 00 40 00 00 0f 82 bb 00 00 00 48 89 d1 fc
0x00007fffacec4ec9:   f3 a4 5d c3 48 39 fe 74 f9 48 01 d6 48 01 d7 48
0x00007fffacec4ed9:   83 fa 60 0f 82 5c 01 00 00 e9 79 01 00 00 48 83 

Register to memory mapping:

RAX=0x00007f9241369800 is an unknown value
RBX=0x000000012e142a05 is an unknown value
RCX=0x0000000000002da5 is an unknown value
RDX=0x0000000000006372 is an unknown value
RSP=0x0000700005ac9b70 is pointing into the stack for thread: 0x00007f92445b4800
RBP=0x0000700005ac9b70 is pointing into the stack for thread: 0x00007f92445b4800
RSI=0x000000012e146000 is an unknown value
RDI=0x00007f924136cdcd is an unknown value
R8 =0x0000000000006373 is an unknown value
R9 =0x00007f9241369800 is an unknown value
R10=0x0000000000000000 is an unknown value
R11=0x00007f9113226dcd is an unknown value
R12=0x0000000064656e2f is an unknown value
R13=0x000000007274736e is an unknown value
R14=0x00000000612f7061 is an unknown value
R15=0x0000000000006968 is an unknown value


Stack: [0x00007000059d0000,0x0000700005ad0000],  sp=0x0000700005ac9b70,  free space=998k
Native frames: (J=compiled Java code, j=interpreted, Vv=VM code, C=native code)
C  [libsystem_platform.dylib+0x5ec9]  _platform_memmove$VARIANT$Haswell+0x29
C  [libzip.dylib+0x302d]  newEntry+0x2c8
C  [libzip.dylib+0x3554]  ZIP_GetEntry2+0xd4
C  [libzip.dylib+0x234f]  Java_java_util_zip_ZipFile_getEntry+0xcf
J 266  java.util.zip.ZipFile.getEntry(J[BZ)J (0 bytes) @ 0x000000011a9f0ace [0x000000011a9f0a00+0xce]
J 1995 C2 sun.misc.URLClassPath$JarLoader.getResource(Ljava/lang/String;Z)Lsun/misc/Resource; (85 bytes) @ 0x000000011b00da2c [0x000000011b00d560+0x4cc]

Java frames: (J=compiled Java code, j=interpreted, Vv=VM code)
J 266  java.util.zip.ZipFile.getEntry(J[BZ)J (0 bytes) @ 0x000000011a9f0a58 [0x000000011a9f0a00+0x58]
J 1995 C2 sun.misc.URLClassPath$JarLoader.getResource(Ljava/lang/String;Z)Lsun/misc/Resource; (85 bytes) @ 0x000000011b00da2c [0x000000011b00d560+0x4cc]
J 588 C1 sun.misc.URLClassPath.getResource(Ljava/lang/String;Z)Lsun/misc/Resource; (83 bytes) @ 0x000000011aafdb6c [0x000000011aafda00+0x16c]
J 587 C1 java.net.URLClassLoader$1.run()Ljava/lang/Class; (63 bytes) @ 0x000000011ab0b0b4 [0x000000011ab0aea0+0x214]
J 586 C1 java.net.URLClassLoader$1.run()Ljava/lang/Object; (5 bytes) @ 0x000000011ab0b904 [0x000000011ab0b880+0x84]
v  ~StubRoutines::call_stub
J 585  java.security.AccessController.doPrivileged(Ljava/security/PrivilegedExceptionAction;Ljava/security/AccessControlContext;)Ljava/lang/Object; (0 bytes) @ 0x000000011ab001e3 [0x000000011ab00180+0x63]
J 583 C1 java.net.URLClassLoader.findClass(Ljava/lang/String;)Ljava/lang/Class; (47 bytes) @ 0x000000011ab009bc [0x000000011ab00820+0x19c]
j  java.lang.ClassLoader.loadClass(Ljava/lang/String;Z)Ljava/lang/Class;+70
J 853 C1 sun.misc.Launcher$AppClassLoader.loadClass(Ljava/lang/String;Z)Ljava/lang/Class; (85 bytes) @ 0x000000011abaf3a4 [0x000000011abae9e0+0x9c4]
J 390 C1 java.lang.ClassLoader.loadClass(Ljava/lang/String;)Ljava/lang/Class; (7 bytes) @ 0x000000011aa6231c [0x000000011aa62200+0x11c]
v  ~StubRoutines::call_stub
j  java.lang.Class.getDeclaredMethods0(Z)[Ljava/lang/reflect/Method;+0
J 1190 C1 java.lang.Class.privateGetDeclaredMethods(Z)[Ljava/lang/reflect/Method; (67 bytes) @ 0x000000011acda53c [0x000000011acda220+0x31c]
J 2136 C1 java.lang.Class.privateGetMethodRecursive(Ljava/lang/String;[Ljava/lang/Class;ZLjava/lang/Class$MethodArray;)Ljava/lang/reflect/Method; (130 bytes) @ 0x000000011b018fa4 [0x000000011b018f20+0x84]
J 2135 C1 java.lang.Class.getMethod0(Ljava/lang/String;[Ljava/lang/Class;Z)Ljava/lang/reflect/Method; (40 bytes) @ 0x000000011b018a84 [0x000000011b0189a0+0xe4]
J 2152 C1 java.lang.Class.getMethod(Ljava/lang/String;[Ljava/lang/Class;)Ljava/lang/reflect/Method; (64 bytes) @ 0x000000011b0220ec [0x000000011b022040+0xac]
j  org.junit.internal.builders.SuiteMethodBuilder.hasSuiteMethod(Ljava/lang/Class;)Z+11
j  org.junit.internal.builders.SuiteMethodBuilder.runnerForClass(Ljava/lang/Class;)Lorg/junit/runner/Runner;+6
j  org.junit.runners.model.RunnerBuilder.safeRunnerForClass(Ljava/lang/Class;)Lorg/junit/runner/Runner;+6
j  org.junit.internal.builders.AllDefaultPossibilitiesBuilder.runnerForClass(Ljava/lang/Class;)Lorg/junit/runner/Runner;+92
j  org.junit.runners.model.RunnerBuilder.safeRunnerForClass(Ljava/lang/Class;)Lorg/junit/runner/Runner;+6
j  org.junit.internal.requests.ClassRequest.getRunner()Lorg/junit/runner/Runner;+64
j  org.gradle.api.internal.tasks.testing.junit.JUnitTestClassExecuter.runTestClass(Ljava/lang/String;)V+137
j  org.gradle.api.internal.tasks.testing.junit.JUnitTestClassExecuter.execute(Ljava/lang/String;)V+22
j  org.gradle.api.internal.tasks.testing.junit.JUnitTestClassProcessor.processTestClass(Lorg/gradle/api/internal/tasks/testing/TestClassRunInfo;)V+35
j  org.gradle.api.internal.tasks.testing.SuiteTestClassProcessor.processTestClass(Lorg/gradle/api/internal/tasks/testing/TestClassRunInfo;)V+9
j  sun.reflect.GeneratedMethodAccessor3.invoke(Ljava/lang/Object;[Ljava/lang/Object;)Ljava/lang/Object;+40
j  sun.reflect.DelegatingMethodAccessorImpl.invoke(Ljava/lang/Object;[Ljava/lang/Object;)Ljava/lang/Object;+6
j  java.lang.reflect.Method.invoke(Ljava/lang/Object;[Ljava/lang/Object;)Ljava/lang/Object;+56
j  org.gradle.internal.dispatch.ReflectionDispatch.dispatch(Lorg/gradle/internal/dispatch/MethodInvocation;)V+31
j  org.gradle.internal.dispatch.ReflectionDispatch.dispatch(Ljava/lang/Object;)V+9
j  org.gradle.internal.dispatch.ContextClassLoaderDispatch.dispatch(Ljava/lang/Object;)V+34
J 2312 C1 org.gradle.internal.dispatch.ProxyDispatchAdapter$DispatchingInvocationHandler.invoke(Ljava/lang/Object;Ljava/lang/reflect/Method;[Ljava/lang/Object;)Ljava/lang/Object; (301 bytes) @ 0x000000011b09fd5c [0x000000011b09e3e0+0x197c]
j  com.sun.proxy.$Proxy1.processTestClass(Lorg/gradle/api/internal/tasks/testing/TestClassRunInfo;)V+16
j  org.gradle.api.internal.tasks.testing.worker.TestWorker.processTestClass(Lorg/gradle/api/internal/tasks/testing/TestClassRunInfo;)V+22
j  sun.reflect.GeneratedMethodAccessor2.invoke(Ljava/lang/Object;[Ljava/lang/Object;)Ljava/lang/Object;+40
j  sun.reflect.DelegatingMethodAccessorImpl.invoke(Ljava/lang/Object;[Ljava/lang/Object;)Ljava/lang/Object;+6
j  java.lang.reflect.Method.invoke(Ljava/lang/Object;[Ljava/lang/Object;)Ljava/lang/Object;+56
j  org.gradle.internal.dispatch.ReflectionDispatch.dispatch(Lorg/gradle/internal/dispatch/MethodInvocation;)V+31
j  org.gradle.internal.dispatch.ReflectionDispatch.dispatch(Ljava/lang/Object;)V+9
j  org.gradle.internal.remote.internal.hub.MessageHubBackedObjectConnection$DispatchWrapper.dispatch(Lorg/gradle/internal/dispatch/MethodInvocation;)V+9
j  org.gradle.internal.remote.internal.hub.MessageHubBackedObjectConnection$DispatchWrapper.dispatch(Ljava/lang/Object;)V+9
j  org.gradle.internal.remote.internal.hub.MessageHub$Handler.run()V+245
j  org.gradle.internal.concurrent.ExecutorPolicy$CatchAndRecordFailures.onExecute(Ljava/lang/Runnable;)V+5
j  org.gradle.internal.concurrent.StoppableExecutorImpl$1.run()V+33
j  java.util.concurrent.ThreadPoolExecutor.runWorker(Ljava/util/concurrent/ThreadPoolExecutor$Worker;)V+95
j  java.util.concurrent.ThreadPoolExecutor$Worker.run()V+5
j  org.gradle.internal.concurrent.ThreadFactoryImpl$ManagedThreadRunnable.run()V+15
j  java.lang.Thread.run()V+11
v  ~StubRoutines::call_stub

---------------  P R O C E S S  ---------------

Java Threads: ( => current thread )
  0x00007f9244296800 JavaThread "/0:0:0:0:0:0:0:1:63462 to /0:0:0:0:0:0:0:1:63460 workers Thread 3" [_thread_in_native, id=24835, stack(0x0000700005bd6000,0x0000700005cd6000)]
  0x00007f9244c6a800 JavaThread "/0:0:0:0:0:0:0:1:63462 to /0:0:0:0:0:0:0:1:63460 workers Thread 2" [_thread_blocked, id=24323, stack(0x0000700005ad3000,0x0000700005bd3000)]
=>0x00007f92445b4800 JavaThread "Test worker" [_thread_in_native, id=23811, stack(0x00007000059d0000,0x0000700005ad0000)]
  0x00007f924282b000 JavaThread "Service Thread" daemon [_thread_blocked, id=22787, stack(0x00007000057ca000,0x00007000058ca000)]
  0x00007f924304f800 JavaThread "C1 CompilerThread3" daemon [_thread_blocked, id=22275, stack(0x00007000056c7000,0x00007000057c7000)]
  0x00007f924304e800 JavaThread "C2 CompilerThread2" daemon [_thread_in_native, id=21763, stack(0x00007000055c4000,0x00007000056c4000)]
  0x00007f9243037800 JavaThread "C2 CompilerThread1" daemon [_thread_in_native, id=21251, stack(0x00007000054c1000,0x00007000055c1000)]
  0x00007f9244806000 JavaThread "C2 CompilerThread0" daemon [_thread_in_native, id=20739, stack(0x00007000053be000,0x00007000054be000)]
  0x00007f924281d800 JavaThread "JDWP Command Reader" daemon [_thread_in_native, id=20227, stack(0x00007000052bb000,0x00007000053bb000)]
  0x00007f9243038800 JavaThread "JDWP Event Helper Thread" daemon [_thread_blocked, id=19715, stack(0x00007000051b8000,0x00007000052b8000)]
  0x00007f9243013000 JavaThread "JDWP Transport Listener: dt_socket" daemon [_thread_blocked, id=19203, stack(0x00007000050b5000,0x00007000051b5000)]
  0x00007f924280b000 JavaThread "Signal Dispatcher" daemon [_thread_blocked, id=18691, stack(0x0000700004fb2000,0x00007000050b2000)]
  0x00007f9244007800 JavaThread "Finalizer" daemon [_thread_blocked, id=14595, stack(0x0000700004eaf000,0x0000700004faf000)]
  0x00007f9242805800 JavaThread "Reference Handler" daemon [_thread_blocked, id=14083, stack(0x0000700004dac000,0x0000700004eac000)]
  0x00007f9243805800 JavaThread "main" [_thread_blocked, id=7171, stack(0x000070000438e000,0x000070000448e000)]

Other Threads:
  0x00007f9244001000 VMThread [stack: 0x0000700004ca9000,0x0000700004da9000] [id=13571]
  0x00007f9244806800 WatcherThread [stack: 0x00007000058cd000,0x00007000059cd000] [id=23299]

VM state:not at safepoint (normal execution)

VM Mutex/Monitor currently owned by a thread: None

Heap:
 PSYoungGen      total 141824K, used 47380K [0x000000076ab00000, 0x0000000774000000, 0x00000007c0000000)
  eden space 131072K, 30% used [0x000000076ab00000,0x000000076d264098,0x0000000772b00000)
  from space 10752K, 65% used [0x0000000773580000,0x0000000773c61018,0x0000000774000000)
  to   space 10752K, 0% used [0x0000000772b00000,0x0000000772b00000,0x0000000773580000)
 ParOldGen       total 175104K, used 56K [0x00000006c0000000, 0x00000006cab00000, 0x000000076ab00000)
  object space 175104K, 0% used [0x00000006c0000000,0x00000006c000e000,0x00000006cab00000)
 Metaspace       used 20167K, capacity 20460K, committed 20608K, reserved 1067008K
  class space    used 2248K, capacity 2370K, committed 2432K, reserved 1048576K

Card table byte_map: [0x0000000111929000,0x000000011212a000] byte_map_base: 0x000000010e329000

Marking Bits: (ParMarkBitMap*) 0x0000000110ec27a0
 Begin Bits: [0x0000000112680000, 0x0000000116680000)
 End Bits:   [0x0000000116680000, 0x000000011a680000)

Polling page: 0x000000010f4ce000

CodeCache: size=245760Kb used=10715Kb max_used=10715Kb free=235044Kb
 bounds [0x000000011a849000, 0x000000011b2c9000, 0x0000000129849000]
 total_blobs=3170 nmethods=2789 adapters=302
 compilation: enabled

Compilation events (10 events):
Event: 3152.251 Thread 0x00007f924304f800 2914       2       java.util.Collections$UnmodifiableCollection::<init> (22 bytes)
Event: 3152.251 Thread 0x00007f924304f800 nmethod 2914 0x000000011b2c1d90 code [0x000000011b2c1f00, 0x000000011b2c2128]
Event: 3152.251 Thread 0x00007f924304f800 2913       2       java.lang.reflect.WeakCache$CacheKey::equals (46 bytes)
Event: 3152.252 Thread 0x00007f924304f800 nmethod 2913 0x000000011b2c2210 code [0x000000011b2c2380, 0x000000011b2c2590]
Event: 3152.256 Thread 0x00007f924304f800 2917       2       java.lang.AbstractStringBuilder::append (54 bytes)
Event: 3152.257 Thread 0x00007f924304f800 nmethod 2917 0x000000011b2c2690 code [0x000000011b2c2840, 0x000000011b2c2b88]
Event: 3152.257 Thread 0x00007f924304f800 2915       2       org.junit.runners.model.TestClass$MethodComparator::compare (21 bytes)
Event: 3152.258 Thread 0x00007f924304f800 nmethod 2915 0x000000011b2c2cd0 code [0x000000011b2c2ea0, 0x000000011b2c3298]
Event: 3152.258 Thread 0x00007f924304f800 2916       2       org.junit.runners.model.TestClass$MethodComparator::compare (25 bytes)
Event: 3152.258 Thread 0x00007f924304f800 nmethod 2916 0x000000011b2c39d0 code [0x000000011b2c3b80, 0x000000011b2c3e88]

GC Heap History (8 events):
Event: 0.962 GC heap before
{Heap before GC invocations=1 (full 0):
 PSYoungGen      total 76288K, used 65536K [0x000000076ab00000, 0x0000000770000000, 0x00000007c0000000)
  eden space 65536K, 100% used [0x000000076ab00000,0x000000076eb00000,0x000000076eb00000)
  from space 10752K, 0% used [0x000000076f580000,0x000000076f580000,0x0000000770000000)
  to   space 10752K, 0% used [0x000000076eb00000,0x000000076eb00000,0x000000076f580000)
 ParOldGen       total 175104K, used 0K [0x00000006c0000000, 0x00000006cab00000, 0x000000076ab00000)
  object space 175104K, 0% used [0x00000006c0000000,0x00000006c0000000,0x00000006cab00000)
 Metaspace       used 10013K, capacity 10212K, committed 10496K, reserved 1058816K
  class space    used 1161K, capacity 1242K, committed 1280K, reserved 1048576K
Event: 0.967 GC heap after
Heap after GC invocations=1 (full 0):
 PSYoungGen      total 76288K, used 4913K [0x000000076ab00000, 0x0000000770000000, 0x00000007c0000000)
  eden space 65536K, 0% used [0x000000076ab00000,0x000000076ab00000,0x000000076eb00000)
  from space 10752K, 45% used [0x000000076eb00000,0x000000076efcc6a8,0x000000076f580000)
  to   space 10752K, 0% used [0x000000076f580000,0x000000076f580000,0x0000000770000000)
 ParOldGen       total 175104K, used 16K [0x00000006c0000000, 0x00000006cab00000, 0x000000076ab00000)
  object space 175104K, 0% used [0x00000006c0000000,0x00000006c0004000,0x00000006cab00000)
 Metaspace       used 10013K, capacity 10212K, committed 10496K, reserved 1058816K
  class space    used 1161K, capacity 1242K, committed 1280K, reserved 1048576K
}
Event: 1.441 GC heap before
{Heap before GC invocations=2 (full 0):
 PSYoungGen      total 76288K, used 70449K [0x000000076ab00000, 0x0000000770000000, 0x00000007c0000000)
  eden space 65536K, 100% used [0x000000076ab00000,0x000000076eb00000,0x000000076eb00000)
  from space 10752K, 45% used [0x000000076eb00000,0x000000076efcc6a8,0x000000076f580000)
  to   space 10752K, 0% used [0x000000076f580000,0x000000076f580000,0x0000000770000000)
 ParOldGen       total 175104K, used 16K [0x00000006c0000000, 0x00000006cab00000, 0x000000076ab00000)
  object space 175104K, 0% used [0x00000006c0000000,0x00000006c0004000,0x00000006cab00000)
 Metaspace       used 12472K, capacity 12676K, committed 12800K, reserved 1060864K
  class space    used 1451K, capacity 1530K, committed 1536K, reserved 1048576K
Event: 1.448 GC heap after
Heap after GC invocations=2 (full 0):
 PSYoungGen      total 76288K, used 5512K [0x000000076ab00000, 0x0000000770000000, 0x00000007c0000000)
  eden space 65536K, 0% used [0x000000076ab00000,0x000000076ab00000,0x000000076eb00000)
  from space 10752K, 51% used [0x000000076f580000,0x000000076fae2348,0x0000000770000000)
  to   space 10752K, 0% used [0x000000076eb00000,0x000000076eb00000,0x000000076f580000)
 ParOldGen       total 175104K, used 32K [0x00000006c0000000, 0x00000006cab00000, 0x000000076ab00000)
  object space 175104K, 0% used [0x00000006c0000000,0x00000006c0008000,0x00000006cab00000)
 Metaspace       used 12472K, capacity 12676K, committed 12800K, reserved 1060864K
  class space    used 1451K, capacity 1530K, committed 1536K, reserved 1048576K
}
Event: 1.721 GC heap before
{Heap before GC invocations=3 (full 0):
 PSYoungGen      total 76288K, used 71048K [0x000000076ab00000, 0x0000000770000000, 0x00000007c0000000)
  eden space 65536K, 100% used [0x000000076ab00000,0x000000076eb00000,0x000000076eb00000)
  from space 10752K, 51% used [0x000000076f580000,0x000000076fae2348,0x0000000770000000)
  to   space 10752K, 0% used [0x000000076eb00000,0x000000076eb00000,0x000000076f580000)
 ParOldGen       total 175104K, used 32K [0x00000006c0000000, 0x00000006cab00000, 0x000000076ab00000)
  object space 175104K, 0% used [0x00000006c0000000,0x00000006c0008000,0x00000006cab00000)
 Metaspace       used 15207K, capacity 15364K, committed 15616K, reserved 1062912K
  class space    used 1712K, capacity 1786K, committed 1792K, reserved 1048576K
Event: 1.725 GC heap after
Heap after GC invocations=3 (full 0):
 PSYoungGen      total 76288K, used 6108K [0x000000076ab00000, 0x0000000774000000, 0x00000007c0000000)
  eden space 65536K, 0% used [0x000000076ab00000,0x000000076ab00000,0x000000076eb00000)
  from space 10752K, 56% used [0x000000076eb00000,0x000000076f0f70f0,0x000000076f580000)
  to   space 10752K, 0% used [0x0000000773580000,0x0000000773580000,0x0000000774000000)
 ParOldGen       total 175104K, used 40K [0x00000006c0000000, 0x00000006cab00000, 0x000000076ab00000)
  object space 175104K, 0% used [0x00000006c0000000,0x00000006c000a000,0x00000006cab00000)
 Metaspace       used 15207K, capacity 15364K, committed 15616K, reserved 1062912K
  class space    used 1712K, capacity 1786K, committed 1792K, reserved 1048576K
}
Event: 2.140 GC heap before
{Heap before GC invocations=4 (full 0):
 PSYoungGen      total 76288K, used 71644K [0x000000076ab00000, 0x0000000774000000, 0x00000007c0000000)
  eden space 65536K, 100% used [0x000000076ab00000,0x000000076eb00000,0x000000076eb00000)
  from space 10752K, 56% used [0x000000076eb00000,0x000000076f0f70f0,0x000000076f580000)
  to   space 10752K, 0% used [0x0000000773580000,0x0000000773580000,0x0000000774000000)
 ParOldGen       total 175104K, used 40K [0x00000006c0000000, 0x00000006cab00000, 0x000000076ab00000)
  object space 175104K, 0% used [0x00000006c0000000,0x00000006c000a000,0x00000006cab00000)
 Metaspace       used 18313K, capacity 18528K, committed 18816K, reserved 1067008K
  class space    used 2057K, capacity 2150K, committed 2176K, reserved 1048576K
Event: 2.148 GC heap after
Heap after GC invocations=4 (full 0):
 PSYoungGen      total 141824K, used 7044K [0x000000076ab00000, 0x0000000774000000, 0x00000007c0000000)
  eden space 131072K, 0% used [0x000000076ab00000,0x000000076ab00000,0x0000000772b00000)
  from space 10752K, 65% used [0x0000000773580000,0x0000000773c61018,0x0000000774000000)
  to   space 10752K, 0% used [0x0000000772b00000,0x0000000772b00000,0x0000000773580000)
 ParOldGen       total 175104K, used 56K [0x00000006c0000000, 0x00000006cab00000, 0x000000076ab00000)
  object space 175104K, 0% used [0x00000006c0000000,0x00000006c000e000,0x00000006cab00000)
 Metaspace       used 18313K, capacity 18528K, committed 18816K, reserved 1067008K
  class space    used 2057K, capacity 2150K, committed 2176K, reserved 1048576K
}

Deoptimization events (10 events):
Event: 2.655 Thread 0x00007f92445b4800 Uncommon trap: reason=unstable_if action=reinterpret pc=0x000000011b1b1048 method=sun.nio.cs.UTF_8$Decoder.decodeArrayLoop(Ljava/nio/ByteBuffer;Ljava/nio/CharBuffer;)Ljava/nio/charset/CoderResult; @ 110
Event: 2.656 Thread 0x00007f92445b4800 Uncommon trap: reason=array_check action=maybe_recompile pc=0x000000011ae2d2e0 method=org.antlr.v4.runtime.misc.Array2DHashSet.getOrAddImpl(Ljava/lang/Object;)Ljava/lang/Object; @ 50
Event: 2.656 Thread 0x00007f92445b4800 Uncommon trap: reason=array_check action=maybe_recompile pc=0x000000011ae2d2e0 method=org.antlr.v4.runtime.misc.Array2DHashSet.getOrAddImpl(Ljava/lang/Object;)Ljava/lang/Object; @ 50
Event: 2.656 Thread 0x00007f92445b4800 Uncommon trap: reason=array_check action=maybe_recompile pc=0x000000011ae2d2e0 method=org.antlr.v4.runtime.misc.Array2DHashSet.getOrAddImpl(Ljava/lang/Object;)Ljava/lang/Object; @ 50
Event: 2.656 Thread 0x00007f92445b4800 Uncommon trap: reason=array_check action=maybe_recompile pc=0x000000011ae2d2e0 method=org.antlr.v4.runtime.misc.Array2DHashSet.getOrAddImpl(Ljava/lang/Object;)Ljava/lang/Object; @ 50
Event: 3152.035 Thread 0x00007f92445b4800 Uncommon trap: reason=array_check action=maybe_recompile pc=0x000000011b205d34 method=org.antlr.v4.runtime.misc.Array2DHashSet.getOrAddImpl(Ljava/lang/Object;)Ljava/lang/Object; @ 101
Event: 3152.036 Thread 0x00007f92445b4800 Uncommon trap: reason=array_check action=maybe_recompile pc=0x000000011b205d34 method=org.antlr.v4.runtime.misc.Array2DHashSet.getOrAddImpl(Ljava/lang/Object;)Ljava/lang/Object; @ 101
Event: 3152.119 Thread 0x00007f92445b4800 Uncommon trap: reason=class_check action=maybe_recompile pc=0x000000011af2d578 method=java.util.HashMap.putVal(ILjava/lang/Object;Ljava/lang/Object;ZZ)Ljava/lang/Object; @ 203
Event: 3152.119 Thread 0x00007f92445b4800 Uncommon trap: reason=class_check action=maybe_recompile pc=0x000000011af2d578 method=java.util.HashMap.putVal(ILjava/lang/Object;Ljava/lang/Object;ZZ)Ljava/lang/Object; @ 203
Event: 3152.119 Thread 0x00007f92445b4800 Uncommon trap: reason=class_check action=maybe_recompile pc=0x000000011af2d578 method=java.util.HashMap.putVal(ILjava/lang/Object;Ljava/lang/Object;ZZ)Ljava/lang/Object; @ 203

Internal exceptions (10 events):
Event: 2.027 Thread 0x00007f92445b4800 Exception <a 'java/lang/NoSuchFieldError': method resolution failed> (0x000000076d7cba40) thrown at [/Users/java_re/workspace/8-2-build-macosx-x86_64/jdk8u51/3951/hotspot/src/share/vm/prims/methodHandles.cpp, line 1125]
Event: 2.194 Thread 0x00007f92445b4800 Implicit null exception at 0x000000011aaf4482 to 0x000000011aaf4cbf
Event: 2.194 Thread 0x00007f92445b4800 Exception <a 'java/lang/NullPointerException'> (0x000000076b06fb00) thrown at [/Users/java_re/workspace/8-2-build-macosx-x86_64/jdk8u51/3951/hotspot/src/share/vm/runtime/sharedRuntime.cpp, line 605]
Event: 2.278 Thread 0x00007f92445b4800 Implicit null exception at 0x000000011ab9b1b4 to 0x000000011ab9b46d
Event: 3152.012 Thread 0x00007f92445b4800 Exception <a 'java/lang/reflect/InvocationTargetException'> (0x000000076ca3cad0) thrown at [/Users/java_re/workspace/8-2-build-macosx-x86_64/jdk8u51/3951/hotspot/src/share/vm/runtime/reflection.cpp, line 1080]
Event: 3152.050 Thread 0x00007f9244c6a800 Exception <a 'java/lang/NoSuchMethodError': <clinit>> (0x000000076ccea670) thrown at [/Users/java_re/workspace/8-2-build-macosx-x86_64/jdk8u51/3951/hotspot/src/share/vm/prims/jni.cpp, line 1598]
Event: 3152.056 Thread 0x00007f9244c6a800 Exception <a 'java/lang/NoSuchMethodError': <clinit>> (0x000000076cd21e50) thrown at [/Users/java_re/workspace/8-2-build-macosx-x86_64/jdk8u51/3951/hotspot/src/share/vm/prims/jni.cpp, line 1598]
Event: 3152.068 Thread 0x00007f92445b4800 Exception <a 'java/lang/reflect/InvocationTargetException'> (0x000000076cb85418) thrown at [/Users/java_re/workspace/8-2-build-macosx-x86_64/jdk8u51/3951/hotspot/src/share/vm/runtime/reflection.cpp, line 1080]
Event: 3152.153 Thread 0x00007f92445b4800 Exception <a 'java/lang/NoClassDefFoundError': com/nedap/archie/adlparser/treewalkers/RulesParser> (0x000000076ce73308) thrown at [/Users/java_re/workspace/8-2-build-macosx-x86_64/jdk8u51/3951/hotspot/src/share/vm/classfile/systemDictionary.cpp, line 199]
Event: 3152.153 Thread 0x00007f92445b4800 Exception <a 'java/lang/reflect/InvocationTargetException'> (0x000000076ce73648) thrown at [/Users/java_re/workspace/8-2-build-macosx-x86_64/jdk8u51/3951/hotspot/src/share/vm/runtime/reflection.cpp, line 1080]

Events (10 events):
Event: 3152.254 Thread 0x00007f92445b4800 DEOPT PACKING pc=0x000000011aee8294 sp=0x0000700005ace160
Event: 3152.254 Thread 0x00007f92445b4800 DEOPT UNPACKING pc=0x000000011a890633 sp=0x0000700005acdfa0 mode 1
Event: 3152.261 loading class com/nedap/archie/rules/Expression
Event: 3152.261 loading class com/nedap/archie/rules/Expression done
Event: 3152.261 Thread 0x00007f92445b4800 DEOPT PACKING pc=0x000000011ab00b71 sp=0x0000700005acab70
Event: 3152.261 Thread 0x00007f92445b4800 DEOPT UNPACKING pc=0x000000011a890633 sp=0x0000700005aca8e0 mode 1
Event: 3152.261 Thread 0x00007f92445b4800 DEOPT PACKING pc=0x000000011aee834c sp=0x0000700005acabf0
Event: 3152.261 Thread 0x00007f92445b4800 DEOPT UNPACKING pc=0x000000011a890633 sp=0x0000700005acaa30 mode 1
Event: 3152.261 Thread 0x00007f92445b4800 DEOPT PACKING pc=0x000000011aee8294 sp=0x0000700005acad80
Event: 3152.261 Thread 0x00007f92445b4800 DEOPT UNPACKING pc=0x000000011a890633 sp=0x0000700005acabc0 mode 1


Dynamic libraries:
0x000000002212c000 	/System/Library/Frameworks/Cocoa.framework/Versions/A/Cocoa
0x000000002212c000 	/System/Library/Frameworks/Security.framework/Versions/A/Security
0x000000002212c000 	/System/Library/Frameworks/ApplicationServices.framework/Versions/A/ApplicationServices
0x000000002212c000 	/usr/lib/libz.1.dylib
0x000000002212c000 	/usr/lib/libSystem.B.dylib
0x000000002212c000 	/usr/lib/libobjc.A.dylib
0x000000002212c000 	/System/Library/Frameworks/CoreFoundation.framework/Versions/A/CoreFoundation
0x000000002212c000 	/System/Library/Frameworks/Foundation.framework/Versions/C/Foundation
0x000000002212c000 	/System/Library/Frameworks/AppKit.framework/Versions/C/AppKit
0x000000002212c000 	/System/Library/Frameworks/CoreData.framework/Versions/A/CoreData
0x000000002212c000 	/System/Library/PrivateFrameworks/RemoteViewServices.framework/Versions/A/RemoteViewServices
0x000000002212c000 	/System/Library/PrivateFrameworks/UIFoundation.framework/Versions/A/UIFoundation
0x000000002212c000 	/System/Library/PrivateFrameworks/DFRFoundation.framework/Versions/A/DFRFoundation
0x000000002212c000 	/usr/lib/libenergytrace.dylib
0x000000002212c000 	/System/Library/PrivateFrameworks/SkyLight.framework/Versions/A/SkyLight
0x000000002212c000 	/System/Library/Frameworks/CoreGraphics.framework/Versions/A/CoreGraphics
0x000000002212c000 	/usr/lib/libScreenReader.dylib
0x000000002212c000 	/System/Library/Frameworks/Accelerate.framework/Versions/A/Accelerate
0x000000002212c000 	/System/Library/Frameworks/IOSurface.framework/Versions/A/IOSurface
0x000000002212c000 	/System/Library/Frameworks/AudioToolbox.framework/Versions/A/AudioToolbox
0x000000002212c000 	/System/Library/Frameworks/AudioUnit.framework/Versions/A/AudioUnit
0x000000002212c000 	/System/Library/PrivateFrameworks/DataDetectorsCore.framework/Versions/A/DataDetectorsCore
0x000000002212c000 	/System/Library/PrivateFrameworks/DesktopServicesPriv.framework/Versions/A/DesktopServicesPriv
0x000000002212c000 	/System/Library/Frameworks/Carbon.framework/Versions/A/Frameworks/HIToolbox.framework/Versions/A/HIToolbox
0x000000002212c000 	/usr/lib/libicucore.A.dylib
0x000000002212c000 	/System/Library/Frameworks/QuartzCore.framework/Versions/A/QuartzCore
0x000000002212c000 	/System/Library/Frameworks/Carbon.framework/Versions/A/Frameworks/SpeechRecognition.framework/Versions/A/SpeechRecognition
0x000000002212c000 	/usr/lib/libauto.dylib
0x000000002212c000 	/usr/lib/libxml2.2.dylib
0x000000002212c000 	/System/Library/PrivateFrameworks/CoreUI.framework/Versions/A/CoreUI
0x000000002212c000 	/System/Library/Frameworks/CoreAudio.framework/Versions/A/CoreAudio
0x000000002212c000 	/System/Library/Frameworks/DiskArbitration.framework/Versions/A/DiskArbitration
0x000000002212c000 	/usr/lib/liblangid.dylib
0x000000002212c000 	/System/Library/PrivateFrameworks/MultitouchSupport.framework/Versions/A/MultitouchSupport
0x000000002212c000 	/System/Library/Frameworks/IOKit.framework/Versions/A/IOKit
0x000000002212c000 	/usr/lib/libDiagnosticMessagesClient.dylib
0x000000002212c000 	/System/Library/Frameworks/CoreServices.framework/Versions/A/CoreServices
0x000000002212c000 	/System/Library/PrivateFrameworks/PerformanceAnalysis.framework/Versions/A/PerformanceAnalysis
0x000000002212c000 	/System/Library/PrivateFrameworks/GenerationalStorage.framework/Versions/A/GenerationalStorage
0x000000002212c000 	/System/Library/Frameworks/OpenGL.framework/Versions/A/OpenGL
0x000000002212c000 	/System/Library/Frameworks/CoreImage.framework/Versions/A/CoreImage
0x000000002212c000 	/System/Library/Frameworks/CoreText.framework/Versions/A/CoreText
0x000000002212c000 	/System/Library/Frameworks/ImageIO.framework/Versions/A/ImageIO
0x000000002212c000 	/System/Library/PrivateFrameworks/Backup.framework/Versions/A/Backup
0x000000002212c000 	/usr/lib/libarchive.2.dylib
0x000000002212c000 	/System/Library/Frameworks/CFNetwork.framework/Versions/A/CFNetwork
0x000000002212c000 	/System/Library/Frameworks/SystemConfiguration.framework/Versions/A/SystemConfiguration
0x000000002212c000 	/usr/lib/libCRFSuite.dylib
0x000000002212c000 	/usr/lib/libc++.1.dylib
0x000000002212c000 	/usr/lib/libc++abi.dylib
0x000000002212c000 	/usr/lib/system/libcache.dylib
0x000000002212c000 	/usr/lib/system/libcommonCrypto.dylib
0x000000002212c000 	/usr/lib/system/libcompiler_rt.dylib
0x000000002212c000 	/usr/lib/system/libcopyfile.dylib
0x000000002212c000 	/usr/lib/system/libcorecrypto.dylib
0x000000002212c000 	/usr/lib/system/libdispatch.dylib
0x000000002212c000 	/usr/lib/system/libdyld.dylib
0x000000002212c000 	/usr/lib/system/libkeymgr.dylib
0x000000002212c000 	/usr/lib/system/liblaunch.dylib
0x000000002212c000 	/usr/lib/system/libmacho.dylib
0x000000002212c000 	/usr/lib/system/libquarantine.dylib
0x000000002212c000 	/usr/lib/system/libremovefile.dylib
0x000000002212c000 	/usr/lib/system/libsystem_asl.dylib
0x000000002212c000 	/usr/lib/system/libsystem_blocks.dylib
0x000000002212c000 	/usr/lib/system/libsystem_c.dylib
0x000000002212c000 	/usr/lib/system/libsystem_configuration.dylib
0x000000002212c000 	/usr/lib/system/libsystem_coreservices.dylib
0x000000002212c000 	/usr/lib/system/libsystem_coretls.dylib
0x000000002212c000 	/usr/lib/system/libsystem_dnssd.dylib
0x000000002212c000 	/usr/lib/system/libsystem_info.dylib
0x000000002212c000 	/usr/lib/system/libsystem_kernel.dylib
0x000000002212c000 	/usr/lib/system/libsystem_m.dylib
0x000000002212c000 	/usr/lib/system/libsystem_malloc.dylib
0x000000002212c000 	/usr/lib/system/libsystem_network.dylib
0x000000002212c000 	/usr/lib/system/libsystem_networkextension.dylib
0x000000002212c000 	/usr/lib/system/libsystem_notify.dylib
0x000000002212c000 	/usr/lib/system/libsystem_platform.dylib
0x000000002212c000 	/usr/lib/system/libsystem_pthread.dylib
0x000000002212c000 	/usr/lib/system/libsystem_sandbox.dylib
0x000000002212c000 	/usr/lib/system/libsystem_secinit.dylib
0x000000002212c000 	/usr/lib/system/libsystem_symptoms.dylib
0x000000002212c000 	/usr/lib/system/libsystem_trace.dylib
0x000000002212c000 	/usr/lib/system/libunwind.dylib
0x000000002212c000 	/usr/lib/system/libxpc.dylib
0x000000002212c000 	/usr/lib/libbsm.0.dylib
0x000000002212c000 	/usr/lib/system/libkxld.dylib
0x000000002212c000 	/usr/lib/libcoretls.dylib
0x000000002212c000 	/usr/lib/libcoretls_cfhelpers.dylib
0x000000002212c000 	/usr/lib/libOpenScriptingUtil.dylib
0x000000002212c000 	/usr/lib/libpam.2.dylib
0x000000002212c000 	/usr/lib/libsqlite3.dylib
0x000000002212c000 	/usr/lib/libxar.1.dylib
0x000000002212c000 	/usr/lib/libbz2.1.0.dylib
0x000000002212c000 	/usr/lib/liblzma.5.dylib
0x000000002212c000 	/usr/lib/libnetwork.dylib
0x000000002212c000 	/usr/lib/libpcap.A.dylib
0x000000002212c000 	/System/Library/Frameworks/CoreServices.framework/Versions/A/Frameworks/FSEvents.framework/Versions/A/FSEvents
0x000000002212c000 	/System/Library/Frameworks/CoreServices.framework/Versions/A/Frameworks/CarbonCore.framework/Versions/A/CarbonCore
0x000000002212c000 	/System/Library/Frameworks/CoreServices.framework/Versions/A/Frameworks/Metadata.framework/Versions/A/Metadata
0x000000002212c000 	/System/Library/Frameworks/CoreServices.framework/Versions/A/Frameworks/OSServices.framework/Versions/A/OSServices
0x000000002212c000 	/System/Library/Frameworks/CoreServices.framework/Versions/A/Frameworks/SearchKit.framework/Versions/A/SearchKit
0x000000002212c000 	/System/Library/Frameworks/CoreServices.framework/Versions/A/Frameworks/AE.framework/Versions/A/AE
0x000000002212c000 	/System/Library/Frameworks/CoreServices.framework/Versions/A/Frameworks/LaunchServices.framework/Versions/A/LaunchServices
0x000000002212c000 	/System/Library/Frameworks/CoreServices.framework/Versions/A/Frameworks/DictionaryServices.framework/Versions/A/DictionaryServices
0x000000002212c000 	/System/Library/Frameworks/CoreServices.framework/Versions/A/Frameworks/SharedFileList.framework/Versions/A/SharedFileList
0x000000002212c000 	/System/Library/Frameworks/NetFS.framework/Versions/A/NetFS
0x000000002212c000 	/System/Library/PrivateFrameworks/NetAuth.framework/Versions/A/NetAuth
0x000000002212c000 	/System/Library/PrivateFrameworks/login.framework/Versions/A/Frameworks/loginsupport.framework/Versions/A/loginsupport
0x000000002212c000 	/System/Library/PrivateFrameworks/TCC.framework/Versions/A/TCC
0x000000002212c000 	/usr/lib/libmecabra.dylib
0x000000002212c000 	/System/Library/Frameworks/ApplicationServices.framework/Versions/A/Frameworks/ATS.framework/Versions/A/ATS
0x000000002212c000 	/System/Library/Frameworks/ApplicationServices.framework/Versions/A/Frameworks/ColorSync.framework/Versions/A/ColorSync
0x000000002212c000 	/System/Library/Frameworks/ApplicationServices.framework/Versions/A/Frameworks/HIServices.framework/Versions/A/HIServices
0x000000002212c000 	/System/Library/Frameworks/ApplicationServices.framework/Versions/A/Frameworks/LangAnalysis.framework/Versions/A/LangAnalysis
0x000000002212c000 	/System/Library/Frameworks/ApplicationServices.framework/Versions/A/Frameworks/PrintCore.framework/Versions/A/PrintCore
0x000000002212c000 	/System/Library/Frameworks/ApplicationServices.framework/Versions/A/Frameworks/QD.framework/Versions/A/QD
0x000000002212c000 	/System/Library/Frameworks/ApplicationServices.framework/Versions/A/Frameworks/SpeechSynthesis.framework/Versions/A/SpeechSynthesis
0x000000002212c000 	/System/Library/Frameworks/Accelerate.framework/Versions/A/Frameworks/vImage.framework/Versions/A/vImage
0x000000002212c000 	/System/Library/Frameworks/Accelerate.framework/Versions/A/Frameworks/vecLib.framework/Versions/A/vecLib
0x000000002212c000 	/System/Library/Frameworks/Accelerate.framework/Versions/A/Frameworks/vecLib.framework/Versions/A/libvDSP.dylib
0x000000002212c000 	/System/Library/Frameworks/Accelerate.framework/Versions/A/Frameworks/vecLib.framework/Versions/A/libBNNS.dylib
0x000000002212c000 	/System/Library/Frameworks/Accelerate.framework/Versions/A/Frameworks/vecLib.framework/Versions/A/libQuadrature.dylib
0x000000002212c000 	/System/Library/Frameworks/Accelerate.framework/Versions/A/Frameworks/vecLib.framework/Versions/A/libvMisc.dylib
0x000000002212c000 	/System/Library/Frameworks/Accelerate.framework/Versions/A/Frameworks/vecLib.framework/Versions/A/libLAPACK.dylib
0x000000002212c000 	/System/Library/Frameworks/Accelerate.framework/Versions/A/Frameworks/vecLib.framework/Versions/A/libBLAS.dylib
0x000000002212c000 	/System/Library/Frameworks/Accelerate.framework/Versions/A/Frameworks/vecLib.framework/Versions/A/libLinearAlgebra.dylib
0x000000002212c000 	/System/Library/Frameworks/Accelerate.framework/Versions/A/Frameworks/vecLib.framework/Versions/A/libSparseBLAS.dylib
0x000000002212c000 	/System/Library/Frameworks/ApplicationServices.framework/Versions/A/Frameworks/ATS.framework/Versions/A/Resources/libFontParser.dylib
0x000000002212c000 	/System/Library/Frameworks/ApplicationServices.framework/Versions/A/Frameworks/ATS.framework/Versions/A/Resources/libFontRegistry.dylib
0x000000002212c000 	/System/Library/Frameworks/ImageIO.framework/Versions/A/Resources/libJPEG.dylib
0x000000002212c000 	/System/Library/Frameworks/ImageIO.framework/Versions/A/Resources/libTIFF.dylib
0x000000002212c000 	/System/Library/Frameworks/ImageIO.framework/Versions/A/Resources/libPng.dylib
0x000000002212c000 	/System/Library/Frameworks/ImageIO.framework/Versions/A/Resources/libGIF.dylib
0x000000002212c000 	/System/Library/Frameworks/ImageIO.framework/Versions/A/Resources/libJP2.dylib
0x000000002212c000 	/System/Library/Frameworks/ImageIO.framework/Versions/A/Resources/libRadiance.dylib
0x000000002212c000 	/usr/lib/libcompression.dylib
0x000000002212c000 	/System/Library/PrivateFrameworks/AppleJPEG.framework/Versions/A/AppleJPEG
0x000000002212c000 	/usr/lib/libcups.2.dylib
0x000000002212c000 	/System/Library/Frameworks/Kerberos.framework/Versions/A/Kerberos
0x000000002212c000 	/System/Library/Frameworks/GSS.framework/Versions/A/GSS
0x000000002212c000 	/usr/lib/libresolv.9.dylib
0x000000002212c000 	/usr/lib/libiconv.2.dylib
0x000000002212c000 	/System/Library/PrivateFrameworks/Heimdal.framework/Versions/A/Heimdal
0x000000002212c000 	/usr/lib/libheimdal-asn1.dylib
0x000000002212c000 	/System/Library/Frameworks/OpenDirectory.framework/Versions/A/OpenDirectory
0x000000002212c000 	/System/Library/PrivateFrameworks/CommonAuth.framework/Versions/A/CommonAuth
0x000000002212c000 	/System/Library/Frameworks/OpenDirectory.framework/Versions/A/Frameworks/CFOpenDirectory.framework/Versions/A/CFOpenDirectory
0x000000002212c000 	/System/Library/Frameworks/SecurityFoundation.framework/Versions/A/SecurityFoundation
0x000000002212c000 	/System/Library/PrivateFrameworks/LanguageModeling.framework/Versions/A/LanguageModeling
0x000000002212c000 	/usr/lib/libmarisa.dylib
0x000000002212c000 	/usr/lib/libChineseTokenizer.dylib
0x000000002212c000 	/usr/lib/libcmph.dylib
0x000000002212c000 	/System/Library/PrivateFrameworks/CoreEmoji.framework/Versions/A/CoreEmoji
0x000000002212c000 	/System/Library/Frameworks/ServiceManagement.framework/Versions/A/ServiceManagement
0x000000002212c000 	/usr/lib/libxslt.1.dylib
0x000000002212c000 	/System/Library/Frameworks/Carbon.framework/Versions/A/Frameworks/Ink.framework/Versions/A/Ink
0x000000002212c000 	/System/Library/PrivateFrameworks/TextureIO.framework/Versions/A/TextureIO
0x000000002212c000 	/System/Library/Frameworks/Metal.framework/Versions/A/Metal
0x000000002212c000 	/usr/lib/libate.dylib
0x000000002212c000 	/System/Library/PrivateFrameworks/GPUCompiler.framework/libmetal_timestamp.dylib
0x000000002212c000 	/System/Library/Frameworks/OpenGL.framework/Versions/A/Libraries/libCoreFSCache.dylib
0x000000002212c000 	/System/Library/PrivateFrameworks/IOAccelerator.framework/Versions/A/IOAccelerator
0x000000002212c000 	/System/Library/Frameworks/CoreVideo.framework/Versions/A/CoreVideo
0x000000002212c000 	/usr/lib/libFosl_dynamic.dylib
0x000000002212c000 	/System/Library/PrivateFrameworks/MetalPerformanceShaders.framework/Versions/A/MetalPerformanceShaders
0x000000002212c000 	/System/Library/PrivateFrameworks/FaceCore.framework/Versions/A/FaceCore
0x000000002212c000 	/System/Library/Frameworks/OpenCL.framework/Versions/A/OpenCL
0x000000002212c000 	/System/Library/Frameworks/OpenGL.framework/Versions/A/Libraries/libGLU.dylib
0x000000002212c000 	/System/Library/Frameworks/OpenGL.framework/Versions/A/Libraries/libGFXShared.dylib
0x000000002212c000 	/System/Library/Frameworks/OpenGL.framework/Versions/A/Libraries/libGL.dylib
0x000000002212c000 	/System/Library/Frameworks/OpenGL.framework/Versions/A/Libraries/libGLImage.dylib
0x000000002212c000 	/System/Library/Frameworks/OpenGL.framework/Versions/A/Libraries/libCVMSPluginSupport.dylib
0x000000002212c000 	/System/Library/Frameworks/OpenGL.framework/Versions/A/Libraries/libCoreVMClient.dylib
0x000000002212c000 	/System/Library/PrivateFrameworks/CrashReporterSupport.framework/Versions/A/CrashReporterSupport
0x000000002212c000 	/System/Library/PrivateFrameworks/Sharing.framework/Versions/A/Sharing
0x000000002212c000 	/System/Library/PrivateFrameworks/IconServices.framework/Versions/A/IconServices
0x000000002212c000 	/System/Library/PrivateFrameworks/ProtocolBuffer.framework/Versions/A/ProtocolBuffer
0x000000002212c000 	/System/Library/PrivateFrameworks/Apple80211.framework/Versions/A/Apple80211
0x000000002212c000 	/System/Library/Frameworks/CoreWLAN.framework/Versions/A/CoreWLAN
0x000000002212c000 	/System/Library/PrivateFrameworks/CoreUtils.framework/Versions/A/CoreUtils
0x000000002212c000 	/System/Library/Frameworks/IOBluetooth.framework/Versions/A/IOBluetooth
0x000000002212c000 	/System/Library/PrivateFrameworks/CoreWiFi.framework/Versions/A/CoreWiFi
0x000000002212c000 	/System/Library/Frameworks/CoreBluetooth.framework/Versions/A/CoreBluetooth
0x000000002212c000 	/System/Library/Frameworks/CoreDisplay.framework/Versions/A/CoreDisplay
0x000000002212c000 	/System/Library/PrivateFrameworks/IOPresentment.framework/Versions/A/IOPresentment
0x000000002212c000 	/System/Library/PrivateFrameworks/DSExternalDisplay.framework/Versions/A/DSExternalDisplay
0x000000002212c000 	/System/Library/PrivateFrameworks/DebugSymbols.framework/Versions/A/DebugSymbols
0x000000002212c000 	/System/Library/PrivateFrameworks/CoreSymbolication.framework/Versions/A/CoreSymbolication
0x000000002212c000 	/System/Library/PrivateFrameworks/Symbolication.framework/Versions/A/Symbolication
0x000000002212c000 	/System/Library/PrivateFrameworks/AppleFSCompression.framework/Versions/A/AppleFSCompression
0x000000002212c000 	/System/Library/PrivateFrameworks/SpeechRecognitionCore.framework/Versions/A/SpeechRecognitionCore
0x000000002212c000 	/System/Library/PrivateFrameworks/ChunkingLibrary.framework/Versions/A/ChunkingLibrary
0x0000000110600000 	/Library/Java/JavaVirtualMachines/jdk1.8.0_51.jdk/Contents/Home/jre/lib/server/libjvm.dylib
0x000000002212c000 	/usr/lib/libstdc++.6.dylib
0x000000010f48b000 	/Library/Java/JavaVirtualMachines/jdk1.8.0_51.jdk/Contents/Home/jre/lib/libverify.dylib
0x000000010f499000 	/Library/Java/JavaVirtualMachines/jdk1.8.0_51.jdk/Contents/Home/jre/lib/libjava.dylib
0x000000010f4cf000 	/Library/Java/JavaVirtualMachines/jdk1.8.0_51.jdk/Contents/Home/jre/lib/libjdwp.dylib
0x000000010f51a000 	/Library/Java/JavaVirtualMachines/jdk1.8.0_51.jdk/Contents/Home/jre/lib/libnpt.dylib
0x000000010f51e000 	/Library/Java/JavaVirtualMachines/jdk1.8.0_51.jdk/Contents/Home/jre/lib/libinstrument.dylib
0x000000010f57c000 	/Library/Java/JavaVirtualMachines/jdk1.8.0_51.jdk/Contents/Home/jre/lib/libzip.dylib
0x000000011a7a2000 	/System/Library/Frameworks/JavaVM.framework/Frameworks/JavaRuntimeSupport.framework/JavaRuntimeSupport
0x000000012c62e000 	/System/Library/Frameworks/JavaVM.framework/Versions/A/Frameworks/JavaNativeFoundation.framework/Versions/A/JavaNativeFoundation
0x000000012c643000 	/System/Library/Frameworks/JavaVM.framework/Versions/A/JavaVM
0x000000002212c000 	/System/Library/Frameworks/Carbon.framework/Versions/A/Carbon
0x000000012c650000 	/System/Library/PrivateFrameworks/JavaLaunching.framework/Versions/A/JavaLaunching
0x000000002212c000 	/System/Library/Frameworks/Carbon.framework/Versions/A/Frameworks/CommonPanels.framework/Versions/A/CommonPanels
0x000000002212c000 	/System/Library/Frameworks/Carbon.framework/Versions/A/Frameworks/Help.framework/Versions/A/Help
0x000000002212c000 	/System/Library/Frameworks/Carbon.framework/Versions/A/Frameworks/ImageCapture.framework/Versions/A/ImageCapture
0x000000002212c000 	/System/Library/Frameworks/Carbon.framework/Versions/A/Frameworks/OpenScripting.framework/Versions/A/OpenScripting
0x000000002212c000 	/System/Library/Frameworks/Carbon.framework/Versions/A/Frameworks/Print.framework/Versions/A/Print
0x000000002212c000 	/System/Library/Frameworks/Carbon.framework/Versions/A/Frameworks/SecurityHI.framework/Versions/A/SecurityHI
0x000000012c69c000 	/Library/Java/JavaVirtualMachines/jdk1.8.0_51.jdk/Contents/Home/jre/lib/libdt_socket.dylib
0x000000012c6a8000 	/Library/Java/JavaVirtualMachines/jdk1.8.0_51.jdk/Contents/Home/jre/lib/libnet.dylib
0x000000012c6bf000 	/Library/Java/JavaVirtualMachines/jdk1.8.0_51.jdk/Contents/Home/jre/lib/libnio.dylib

VM Arguments:
jvm_args: -Djava.security.manager=worker.org.gradle.process.internal.worker.child.BootstrapSecurityManager -Dorg.gradle.native=false -agentlib:jdwp=transport=dt_socket,server=n,suspend=y,address=63457 -javaagent:build/tmp/expandedArchives/org.jacoco.agent-0.7.8.jar_1q41j4hw9c5emicfadlq4vsl9/jacocoagent.jar=destfile=build/jacoco/test.exec,append=true,excludes=**/com/nedap/archie/adlparser/antlr**,inclnolocationclasses=false,dumponexit=true,output=file,jmx=false -Dfile.encoding=UTF-8 -Duser.country=NL -Duser.language=en -Duser.variant -ea 
java_command: worker.org.gradle.process.internal.worker.GradleWorkerMain 'Gradle Test Executor 1'
java_class_path (initial): /Users/pieter.bos/.gradle/caches/4.0/workerMain/gradle-worker.jar:build/tmp/expandedArchives/org.jacoco.agent-0.7.8.jar_1q41j4hw9c5emicfadlq4vsl9/jacocoagent.jar
Launcher Type: SUN_STANDARD

Environment Variables:
JAVA_HOME=/Library/Java/JavaVirtualMachines/jdk1.8.0_102.jdk/Contents/Home/
PATH=/Users/pieter.bos/perl5/bin:/Users/pieter.bos/.rvm/gems/ruby-2.3.3/bin:/Users/pieter.bos/.rvm/gems/ruby-2.3.3@global/bin:/Users/pieter.bos/.rvm/rubies/ruby-2.3.3/bin:/usr/local/i386-mingw32-4.3.0/bin:/usr/local/bin:/usr/local/sbin:/opt/local/bin:/opt/local/sbin:/usr/local/mysql/bin:/opt/local/lib/postgresql84/bin:/opt/local/lib/mysql5/bin:/usr/local/bin:/usr/bin:/bin:/usr/sbin:/sbin:/opt/X11/bin:/usr/local/MacGPG2/bin:/opt/jruby/bin:/Users/pieter.bos/Documents/projects/git-achievements:/Users/pieter.bos/.rvm/bin:/Users/pieter.bos/.rvm/bin:/Users/pieter.bos/bin:/Applications/OpenSCAD.app/Contents/MacOS/
SHELL=/bin/bash
DISPLAY=/private/tmp/com.apple.launchd.Y7anvX82oJ/org.macosforge.xquartz:0

Signal Handlers:
SIGSEGV: [libjvm.dylib+0x58ef35], sa_mask[0]=11111111011111110111111111111111, sa_flags=SA_ONSTACK|SA_RESTART|SA_SIGINFO
SIGBUS: [libjvm.dylib+0x58ef35], sa_mask[0]=11111111011111110111111111111111, sa_flags=SA_RESTART|SA_SIGINFO
SIGFPE: [libjvm.dylib+0x46c028], sa_mask[0]=11111111011111110111111111111111, sa_flags=SA_RESTART|SA_SIGINFO
SIGPIPE: [libjvm.dylib+0x46c028], sa_mask[0]=11111111011111110111111111111111, sa_flags=SA_RESTART|SA_SIGINFO
SIGXFSZ: [libjvm.dylib+0x46c028], sa_mask[0]=11111111011111110111111111111111, sa_flags=SA_RESTART|SA_SIGINFO
SIGILL: [libjvm.dylib+0x46c028], sa_mask[0]=11111111011111110111111111111111, sa_flags=SA_RESTART|SA_SIGINFO
SIGUSR1: SIG_DFL, sa_mask[0]=00000000000000000000000000000000, sa_flags=none
SIGUSR2: [libjvm.dylib+0x46bb46], sa_mask[0]=00100000000000000000000000000000, sa_flags=SA_RESTART|SA_SIGINFO
SIGHUP: [libjvm.dylib+0x46a119], sa_mask[0]=11111111011111110111111111111111, sa_flags=SA_RESTART|SA_SIGINFO
SIGINT: [libjvm.dylib+0x46a119], sa_mask[0]=11111111011111110111111111111111, sa_flags=SA_RESTART|SA_SIGINFO
SIGTERM: [libjvm.dylib+0x46a119], sa_mask[0]=11111111011111110111111111111111, sa_flags=SA_RESTART|SA_SIGINFO
SIGQUIT: [libjvm.dylib+0x46a119], sa_mask[0]=11111111011111110111111111111111, sa_flags=SA_RESTART|SA_SIGINFO


---------------  S Y S T E M  ---------------

OS:Bsduname:Darwin 16.7.0 Darwin Kernel Version 16.7.0: Thu Jun 15 17:36:27 PDT 2017; root:xnu-3789.70.16~2/RELEASE_X86_64 x86_64
rlimit: STACK 8192k, CORE 0k, NPROC 709, NOFILE 10240, AS infinity
load average:4.42 4.44 4.40

CPU:total 8 (4 cores per cpu, 2 threads per core) family 6 model 70 stepping 1, cmov, cx8, fxsr, mmx, sse, sse2, sse3, ssse3, sse4.1, sse4.2, popcnt, avx, avx2, aes, clmul, erms, rtm, lzcnt, ht, tsc, tscinvbit, bmi1, bmi2

Memory: 4k page, physical 16777216k(537188k free)

/proc/meminfo:


vm_info: Java HotSpot(TM) 64-Bit Server VM (25.51-b03) for bsd-amd64 JRE (1.8.0_51-b16), built on Jun  8 2015 18:01:11 by "java_re" with gcc 4.2.1 (Based on Apple Inc. build 5658) (LLVM build 2336.11.00)

time: Fri Oct 27 15:30:12 2017
elapsed time: 3152 seconds (0d 0h 52m 32s)

